<?xml version="1.0" encoding="UTF-8"?>
<!-- Generated by org.testng.reporters.JUnitReportReporter -->
<testsuite hostname="DESKTOP-L1E3R1F" failures="0" tests="1" name="api_tests.PetStoreTests" time="1.952" errors="0" timestamp="2021-07-10T11:42:11 EDT" skipped="0">
  <testcase classname="api_tests.PetStoreTests" name="addNewPetWithJsonFile" time="1.952"/>
  <system-out/>
</testsuite> <!-- api_tests.PetStoreTests -->
